<?xml version="1.0" encoding="UTF-8"?>
<!-- Generated by org.testng.reporters.JUnitReportReporter -->
<testsuite skipped="0" hostname="ElvinPC" name="checkDollarCurrencyTest" tests="1" failures="0" timestamp="2020-07-02T19:57:14 CST" time="16.618" errors="0">
  <testcase name="checkDollarCurrency" time="16.618" classname="checkDollarCurrencyTest"/>
  <system-out/>
</testsuite> <!-- checkDollarCurrencyTest -->
