<?xml version="1.0" encoding="UTF-8"?>
<!-- Generated by org.testng.reporters.JUnitReportReporter -->
<testsuite skipped="0" hostname="ElvinPC" name="registerTest" tests="1" failures="0" timestamp="2020-07-02T19:57:14 CST" time="12.086" errors="0">
  <testcase name="registerTest" time="12.086" classname="registerTest"/>
  <system-out/>
</testsuite> <!-- registerTest -->
