<?xml version="1.0" encoding="UTF-8"?>
<!-- Generated by org.testng.reporters.JUnitReportReporter -->
<testsuite skipped="0" hostname="ElvinPC" name="shoppingTest" tests="1" failures="0" timestamp="2020-07-02T19:57:14 CST" time="12.996" errors="0">
  <testcase name="searchingAndShoppingItem" time="12.996" classname="shoppingTest"/>
  <system-out/>
</testsuite> <!-- shoppingTest -->
